This is pdfTeX, Version 3.14159265-2.6-1.40.19 (TeX Live 2018) (preloaded format=pdflatex 2018.11.30)  16 SEP 2019 15:39
entering extended mode
 restricted \write18 enabled.
 %&-line parsing enabled.
**R4RAF
(./R4RAF.tex
LaTeX2e <2018-04-01> patch level 5

(/usr/share/texlive/texmf-dist/tex/latex/base/report.cls
Document Class: report 2014/09/29 v1.4h Standard LaTeX document class
(/usr/share/texlive/texmf-dist/tex/latex/base/size12.clo
File: size12.clo 2014/09/29 v1.4h Standard LaTeX file (size option)
)
\c@part=\count80
\c@chapter=\count81
\c@section=\count82
\c@subsection=\count83
\c@subsubsection=\count84
\c@paragraph=\count85
\c@subparagraph=\count86
\c@figure=\count87
\c@table=\count88
\abovecaptionskip=\skip41
\belowcaptionskip=\skip42
\bibindent=\dimen102
) (/home/cooperw/tex/latex/WAC//graphicx.sty
Package: graphicx 2017/06/01 v1.1a Enhanced LaTeX Graphics (DPC,SPQR)
(/home/cooperw/tex/latex/WAC//keyval.sty
Package: keyval 2014/10/28 v1.15 key=value parser (DPC)
\KV@toks@=\toks14
) (/home/cooperw/tex/latex/WAC//graphics.sty
Package: graphics 2017/06/25 v1.2c Standard LaTeX Graphics (DPC,SPQR)
(/home/cooperw/tex/latex/WAC//trig.sty
Package: trig 2016/01/03 v1.10 sin cos tan (DPC)
) (/usr/share/texlive/texmf-dist/tex/latex/graphics-cfg/graphics.cfg
File: graphics.cfg 2016/06/04 v1.11 sample graphics configuration
)
Package graphics Info: Driver file: pdftex.def on input line 99.
(/usr/share/texlive/texmf-dist/tex/latex/graphics-def/pdftex.def
File: pdftex.def 2018/01/08 v1.0l Graphics/color driver for pdftex
))
\Gin@req@height=\dimen103
\Gin@req@width=\dimen104
) (/usr/share/texlive/texmf-dist/tex/latex/graphics/color.sty
Package: color 2016/07/10 v1.1e Standard LaTeX Color (DPC)
(/usr/share/texlive/texmf-dist/tex/latex/graphics-cfg/color.cfg
File: color.cfg 2016/01/02 v1.6 sample color configuration
)
Package color Info: Driver file: pdftex.def on input line 147.
) (/usr/share/texlive/texmf-dist/tex/latex/framed/framed.sty
Package: framed 2011/10/22 v 0.96: framed or shaded text with page breaks
\OuterFrameSep=\skip43
\fb@frw=\dimen105
\fb@frh=\dimen106
\FrameRule=\dimen107
\FrameSep=\dimen108
) (/usr/share/texlive/texmf-dist/tex/latex/base/alltt.sty
Package: alltt 1997/06/16 v2.0g defines alltt environment
) (/usr/share/texlive/texmf-dist/tex/latex/psnfss/mathptmx.sty
Package: mathptmx 2005/04/12 PSNFSS-v9.2a Times w/ Math, improved (SPQR, WaS) 
LaTeX Font Info:    Redeclaring symbol font `operators' on input line 28.
LaTeX Font Info:    Overwriting symbol font `operators' in version `normal'
(Font)                  OT1/cmr/m/n --> OT1/ztmcm/m/n on input line 28.
LaTeX Font Info:    Overwriting symbol font `operators' in version `bold'
(Font)                  OT1/cmr/bx/n --> OT1/ztmcm/m/n on input line 28.
LaTeX Font Info:    Redeclaring symbol font `letters' on input line 29.
LaTeX Font Info:    Overwriting symbol font `letters' in version `normal'
(Font)                  OML/cmm/m/it --> OML/ztmcm/m/it on input line 29.
LaTeX Font Info:    Overwriting symbol font `letters' in version `bold'
(Font)                  OML/cmm/b/it --> OML/ztmcm/m/it on input line 29.
LaTeX Font Info:    Redeclaring symbol font `symbols' on input line 30.
LaTeX Font Info:    Overwriting symbol font `symbols' in version `normal'
(Font)                  OMS/cmsy/m/n --> OMS/ztmcm/m/n on input line 30.
LaTeX Font Info:    Overwriting symbol font `symbols' in version `bold'
(Font)                  OMS/cmsy/b/n --> OMS/ztmcm/m/n on input line 30.
LaTeX Font Info:    Redeclaring symbol font `largesymbols' on input line 31.
LaTeX Font Info:    Overwriting symbol font `largesymbols' in version `normal'
(Font)                  OMX/cmex/m/n --> OMX/ztmcm/m/n on input line 31.
LaTeX Font Info:    Overwriting symbol font `largesymbols' in version `bold'
(Font)                  OMX/cmex/m/n --> OMX/ztmcm/m/n on input line 31.
\symbold=\mathgroup4
\symitalic=\mathgroup5
LaTeX Font Info:    Redeclaring math alphabet \mathbf on input line 34.
LaTeX Font Info:    Overwriting math alphabet `\mathbf' in version `normal'
(Font)                  OT1/cmr/bx/n --> OT1/ptm/bx/n on input line 34.
LaTeX Font Info:    Overwriting math alphabet `\mathbf' in version `bold'
(Font)                  OT1/cmr/bx/n --> OT1/ptm/bx/n on input line 34.
LaTeX Font Info:    Redeclaring math alphabet \mathit on input line 35.
LaTeX Font Info:    Overwriting math alphabet `\mathit' in version `normal'
(Font)                  OT1/cmr/m/it --> OT1/ptm/m/it on input line 35.
LaTeX Font Info:    Overwriting math alphabet `\mathit' in version `bold'
(Font)                  OT1/cmr/bx/it --> OT1/ptm/m/it on input line 35.
LaTeX Info: Redefining \hbar on input line 50.
) (/usr/share/texlive/texmf-dist/tex/latex/base/fontenc.sty
Package: fontenc 2017/04/05 v2.0i Standard LaTeX package
(/usr/share/texlive/texmf-dist/tex/latex/base/t1enc.def
File: t1enc.def 2017/04/05 v2.0i Standard LaTeX file
LaTeX Font Info:    Redeclaring font encoding T1 on input line 48.
)) (/home/cooperw/tex/latex/WAC//geometry.sty
Package: geometry 2018/04/16 v5.8 Page Geometry
(/home/cooperw/tex/latex/WAC//ifpdf.sty
Package: ifpdf 2017/03/15 v3.2 Provides the ifpdf switch
) (/home/cooperw/tex/latex/WAC//ifvtex.sty
Package: ifvtex 2016/05/16 v1.6 Detect VTeX and its facilities (HO)
Package ifvtex Info: VTeX not detected.
) (/home/cooperw/tex/latex/WAC//ifxetex.sty
Package: ifxetex 2010/09/12 v0.6 Provides ifxetex conditional
)
\Gm@cnth=\count89
\Gm@cntv=\count90
\c@Gm@tempcnt=\count91
\Gm@bindingoffset=\dimen109
\Gm@wd@mp=\dimen110
\Gm@odd@mp=\dimen111
\Gm@even@mp=\dimen112
\Gm@layoutwidth=\dimen113
\Gm@layoutheight=\dimen114
\Gm@layouthoffset=\dimen115
\Gm@layoutvoffset=\dimen116
\Gm@dimlist=\toks15
) (/usr/share/texlive/texmf-dist/tex/latex/fancyhdr/fancyhdr.sty
Package: fancyhdr 2017/06/30 v3.9a Extensive control of page headers and footer
s
\f@nch@headwidth=\skip44
\f@nch@O@elh=\skip45
\f@nch@O@erh=\skip46
\f@nch@O@olh=\skip47
\f@nch@O@orh=\skip48
\f@nch@O@elf=\skip49
\f@nch@O@erf=\skip50
\f@nch@O@olf=\skip51
\f@nch@O@orf=\skip52
) (/usr/share/texlive/texmf-dist/tex/generic/babel/babel.sty
Package: babel 2018/06/05 3.22 The Babel package
(/usr/share/texlive/texmf-dist/tex/generic/babel/switch.def
File: switch.def 2018/06/05 3.22 Babel switching mechanism
) (/usr/share/texlive/texmf-dist/tex/generic/babel-english/english.ldf
Language: english 2017/06/06 v3.3r English support from the babel system
(/usr/share/texlive/texmf-dist/tex/generic/babel/babel.def
File: babel.def 2018/06/05 3.22 Babel common definitions
\babel@savecnt=\count92
\U@D=\dimen117
(/usr/share/texlive/texmf-dist/tex/generic/babel/txtbabel.def)
\bbl@dirlevel=\count93
)
\l@canadian = a dialect from \language\l@american 
\l@australian = a dialect from \language\l@british 
\l@newzealand = a dialect from \language\l@british 
)) (/usr/share/texlive/texmf-dist/tex/generic/ulem/ulem.sty
\UL@box=\box26
\UL@hyphenbox=\box27
\UL@skip=\skip53
\UL@hook=\toks16
\UL@height=\dimen118
\UL@pe=\count94
\UL@pixel=\dimen119
\ULC@box=\box28
Package: ulem 2012/05/18
\ULdepth=\dimen120
) (/usr/share/texlive/texmf-dist/tex/latex/hyperref/hyperref.sty
Package: hyperref 2018/02/06 v6.86b Hypertext links for LaTeX
(/usr/share/texlive/texmf-dist/tex/generic/oberdiek/hobsub-hyperref.sty
Package: hobsub-hyperref 2016/05/16 v1.14 Bundle oberdiek, subset hyperref (HO)

(/usr/share/texlive/texmf-dist/tex/generic/oberdiek/hobsub-generic.sty
Package: hobsub-generic 2016/05/16 v1.14 Bundle oberdiek, subset generic (HO)
Package: hobsub 2016/05/16 v1.14 Construct package bundles (HO)
Package: infwarerr 2016/05/16 v1.4 Providing info/warning/error messages (HO)
Package: ltxcmds 2016/05/16 v1.23 LaTeX kernel commands for general use (HO)
Package: ifluatex 2016/05/16 v1.4 Provides the ifluatex switch (HO)
Package ifluatex Info: LuaTeX not detected.
Package hobsub Info: Skipping package `ifvtex' (already loaded).
Package: intcalc 2016/05/16 v1.2 Expandable calculations with integers (HO)
Package hobsub Info: Skipping package `ifpdf' (already loaded).
Package: etexcmds 2016/05/16 v1.6 Avoid name clashes with e-TeX commands (HO)
Package etexcmds Info: Could not find \expanded.
(etexcmds)             That can mean that you are not using pdfTeX 1.50 or
(etexcmds)             that some package has redefined \expanded.
(etexcmds)             In the latter case, load this package earlier.
Package: kvsetkeys 2016/05/16 v1.17 Key value parser (HO)
Package: kvdefinekeys 2016/05/16 v1.4 Define keys (HO)
Package: pdftexcmds 2018/01/30 v0.27 Utility functions of pdfTeX for LuaTeX (HO
)
Package pdftexcmds Info: LuaTeX not detected.
Package pdftexcmds Info: \pdf@primitive is available.
Package pdftexcmds Info: \pdf@ifprimitive is available.
Package pdftexcmds Info: \pdfdraftmode found.
Package: pdfescape 2016/05/16 v1.14 Implements pdfTeX's escape features (HO)
Package: bigintcalc 2016/05/16 v1.4 Expandable calculations on big integers (HO
)
Package: bitset 2016/05/16 v1.2 Handle bit-vector datatype (HO)
Package: uniquecounter 2016/05/16 v1.3 Provide unlimited unique counter (HO)
)
Package hobsub Info: Skipping package `hobsub' (already loaded).
Package: letltxmacro 2016/05/16 v1.5 Let assignment for LaTeX macros (HO)
Package: hopatch 2016/05/16 v1.3 Wrapper for package hooks (HO)
Package: xcolor-patch 2016/05/16 xcolor patch
Package: atveryend 2016/05/16 v1.9 Hooks at the very end of document (HO)
Package atveryend Info: \enddocument detected (standard20110627).
Package: atbegshi 2016/06/09 v1.18 At begin shipout hook (HO)
Package: refcount 2016/05/16 v3.5 Data extraction from label references (HO)
Package: hycolor 2016/05/16 v1.8 Color options for hyperref/bookmark (HO)
) (/usr/share/texlive/texmf-dist/tex/latex/oberdiek/auxhook.sty
Package: auxhook 2016/05/16 v1.4 Hooks for auxiliary files (HO)
) (/usr/share/texlive/texmf-dist/tex/latex/oberdiek/kvoptions.sty
Package: kvoptions 2016/05/16 v3.12 Key value format for package options (HO)
)
\@linkdim=\dimen121
\Hy@linkcounter=\count95
\Hy@pagecounter=\count96
(/usr/share/texlive/texmf-dist/tex/latex/hyperref/pd1enc.def
File: pd1enc.def 2018/02/06 v6.86b Hyperref: PDFDocEncoding definition (HO)
Now handling font encoding PD1 ...
... no UTF-8 mapping file for font encoding PD1
)
\Hy@SavedSpaceFactor=\count97
(/usr/share/texlive/texmf-dist/tex/latex/latexconfig/hyperref.cfg
File: hyperref.cfg 2002/06/06 v1.2 hyperref configuration of TeXLive
)
Package hyperref Info: Option `unicode' set `true' on input line 4383.
(/usr/share/texlive/texmf-dist/tex/latex/hyperref/puenc.def
File: puenc.def 2018/02/06 v6.86b Hyperref: PDF Unicode definition (HO)
Now handling font encoding PU ...
... no UTF-8 mapping file for font encoding PU
)
Package hyperref Info: Hyper figures OFF on input line 4509.
Package hyperref Info: Link nesting OFF on input line 4514.
Package hyperref Info: Hyper index ON on input line 4517.
Package hyperref Info: Plain pages OFF on input line 4524.
Package hyperref Info: Backreferencing OFF on input line 4529.
Package hyperref Info: Implicit mode ON; LaTeX internals redefined.
Package hyperref Info: Bookmarks ON on input line 4762.
\c@Hy@tempcnt=\count98
(/usr/share/texlive/texmf-dist/tex/latex/url/url.sty
\Urlmuskip=\muskip10
Package: url 2013/09/16  ver 3.4  Verb mode for urls, etc.
)
LaTeX Info: Redefining \url on input line 5115.
\XeTeXLinkMargin=\dimen122
\Fld@menulength=\count99
\Field@Width=\dimen123
\Fld@charsize=\dimen124
Package hyperref Info: Hyper figures OFF on input line 6369.
Package hyperref Info: Link nesting OFF on input line 6374.
Package hyperref Info: Hyper index ON on input line 6377.
Package hyperref Info: backreferencing OFF on input line 6384.
Package hyperref Info: Link coloring OFF on input line 6389.
Package hyperref Info: Link coloring with OCG OFF on input line 6394.
Package hyperref Info: PDF/A mode OFF on input line 6399.
LaTeX Info: Redefining \ref on input line 6439.
LaTeX Info: Redefining \pageref on input line 6443.
\Hy@abspage=\count100
\c@Item=\count101
\c@Hfootnote=\count102
)
Package hyperref Info: Driver (autodetected): hpdftex.
(/usr/share/texlive/texmf-dist/tex/latex/hyperref/hpdftex.def
File: hpdftex.def 2018/02/06 v6.86b Hyperref driver for pdfTeX
\Fld@listcount=\count103
\c@bookmark@seq@number=\count104
(/usr/share/texlive/texmf-dist/tex/latex/oberdiek/rerunfilecheck.sty
Package: rerunfilecheck 2016/05/16 v1.8 Rerun checks for auxiliary files (HO)
Package uniquecounter Info: New unique counter `rerunfilecheck' on input line 2
82.
)
\Hy@SectionHShift=\skip54
) (/usr/share/texlive/texmf-dist/tex/latex/upquote/upquote.sty
Package: upquote 2012/04/19 v1.3 upright-quote and grave-accent glyphs in verba
tim
(/usr/share/texlive/texmf-dist/tex/latex/base/textcomp.sty
Package: textcomp 2017/04/05 v2.0i Standard LaTeX package
Package textcomp Info: Sub-encoding information:
(textcomp)               5 = only ISO-Adobe without \textcurrency
(textcomp)               4 = 5 + \texteuro
(textcomp)               3 = 4 + \textohm
(textcomp)               2 = 3 + \textestimated + \textcurrency
(textcomp)               1 = TS1 - \textcircled - \t
(textcomp)               0 = TS1 (full)
(textcomp)             Font families with sub-encoding setting implement
(textcomp)             only a restricted character set as indicated.
(textcomp)             Family '?' is the default used for unknown fonts.
(textcomp)             See the documentation for details.
Package textcomp Info: Setting ? sub-encoding to TS1/1 on input line 79.
(/usr/share/texlive/texmf-dist/tex/latex/base/ts1enc.def
File: ts1enc.def 2001/06/05 v3.0e (jk/car/fm) Standard LaTeX file
Now handling font encoding TS1 ...
... processing UTF-8 mapping file for font encoding TS1
(/usr/share/texlive/texmf-dist/tex/latex/base/ts1enc.dfu
File: ts1enc.dfu 2018/04/05 v1.2c UTF-8 support for inputenc
   defining Unicode char U+00A2 (decimal 162)
   defining Unicode char U+00A3 (decimal 163)
   defining Unicode char U+00A4 (decimal 164)
   defining Unicode char U+00A5 (decimal 165)
   defining Unicode char U+00A6 (decimal 166)
   defining Unicode char U+00A7 (decimal 167)
   defining Unicode char U+00A8 (decimal 168)
   defining Unicode char U+00A9 (decimal 169)
   defining Unicode char U+00AA (decimal 170)
   defining Unicode char U+00AC (decimal 172)
   defining Unicode char U+00AE (decimal 174)
   defining Unicode char U+00AF (decimal 175)
   defining Unicode char U+00B0 (decimal 176)
   defining Unicode char U+00B1 (decimal 177)
   defining Unicode char U+00B2 (decimal 178)
   defining Unicode char U+00B3 (decimal 179)
   defining Unicode char U+00B4 (decimal 180)
   defining Unicode char U+00B5 (decimal 181)
   defining Unicode char U+00B6 (decimal 182)
   defining Unicode char U+00B7 (decimal 183)
   defining Unicode char U+00B9 (decimal 185)
   defining Unicode char U+00BA (decimal 186)
   defining Unicode char U+00BC (decimal 188)
   defining Unicode char U+00BD (decimal 189)
   defining Unicode char U+00BE (decimal 190)
   defining Unicode char U+00D7 (decimal 215)
   defining Unicode char U+00F7 (decimal 247)
   defining Unicode char U+0192 (decimal 402)
   defining Unicode char U+02C7 (decimal 711)
   defining Unicode char U+02D8 (decimal 728)
   defining Unicode char U+02DD (decimal 733)
   defining Unicode char U+0E3F (decimal 3647)
   defining Unicode char U+2016 (decimal 8214)
   defining Unicode char U+2020 (decimal 8224)
   defining Unicode char U+2021 (decimal 8225)
   defining Unicode char U+2022 (decimal 8226)
   defining Unicode char U+2030 (decimal 8240)
   defining Unicode char U+2031 (decimal 8241)
   defining Unicode char U+203B (decimal 8251)
   defining Unicode char U+203D (decimal 8253)
   defining Unicode char U+2044 (decimal 8260)
   defining Unicode char U+204E (decimal 8270)
   defining Unicode char U+2052 (decimal 8274)
   defining Unicode char U+20A1 (decimal 8353)
   defining Unicode char U+20A4 (decimal 8356)
   defining Unicode char U+20A6 (decimal 8358)
   defining Unicode char U+20A9 (decimal 8361)
   defining Unicode char U+20AB (decimal 8363)
   defining Unicode char U+20AC (decimal 8364)
   defining Unicode char U+20B1 (decimal 8369)
   defining Unicode char U+2103 (decimal 8451)
   defining Unicode char U+2116 (decimal 8470)
   defining Unicode char U+2117 (decimal 8471)
   defining Unicode char U+211E (decimal 8478)
   defining Unicode char U+2120 (decimal 8480)
   defining Unicode char U+2122 (decimal 8482)
   defining Unicode char U+2126 (decimal 8486)
   defining Unicode char U+2127 (decimal 8487)
   defining Unicode char U+212E (decimal 8494)
   defining Unicode char U+2190 (decimal 8592)
   defining Unicode char U+2191 (decimal 8593)
   defining Unicode char U+2192 (decimal 8594)
   defining Unicode char U+2193 (decimal 8595)
   defining Unicode char U+2329 (decimal 9001)
   defining Unicode char U+232A (decimal 9002)
   defining Unicode char U+2422 (decimal 9250)
   defining Unicode char U+25E6 (decimal 9702)
   defining Unicode char U+25EF (decimal 9711)
   defining Unicode char U+266A (decimal 9834)
   defining Unicode char U+FEFF (decimal 65279)
))
LaTeX Info: Redefining \oldstylenums on input line 334.
Package textcomp Info: Setting cmr sub-encoding to TS1/0 on input line 349.
Package textcomp Info: Setting cmss sub-encoding to TS1/0 on input line 350.
Package textcomp Info: Setting cmtt sub-encoding to TS1/0 on input line 351.
Package textcomp Info: Setting cmvtt sub-encoding to TS1/0 on input line 352.
Package textcomp Info: Setting cmbr sub-encoding to TS1/0 on input line 353.
Package textcomp Info: Setting cmtl sub-encoding to TS1/0 on input line 354.
Package textcomp Info: Setting ccr sub-encoding to TS1/0 on input line 355.
Package textcomp Info: Setting ptm sub-encoding to TS1/4 on input line 356.
Package textcomp Info: Setting pcr sub-encoding to TS1/4 on input line 357.
Package textcomp Info: Setting phv sub-encoding to TS1/4 on input line 358.
Package textcomp Info: Setting ppl sub-encoding to TS1/3 on input line 359.
Package textcomp Info: Setting pag sub-encoding to TS1/4 on input line 360.
Package textcomp Info: Setting pbk sub-encoding to TS1/4 on input line 361.
Package textcomp Info: Setting pnc sub-encoding to TS1/4 on input line 362.
Package textcomp Info: Setting pzc sub-encoding to TS1/4 on input line 363.
Package textcomp Info: Setting bch sub-encoding to TS1/4 on input line 364.
Package textcomp Info: Setting put sub-encoding to TS1/5 on input line 365.
Package textcomp Info: Setting uag sub-encoding to TS1/5 on input line 366.
Package textcomp Info: Setting ugq sub-encoding to TS1/5 on input line 367.
Package textcomp Info: Setting ul8 sub-encoding to TS1/4 on input line 368.
Package textcomp Info: Setting ul9 sub-encoding to TS1/4 on input line 369.
Package textcomp Info: Setting augie sub-encoding to TS1/5 on input line 370.
Package textcomp Info: Setting dayrom sub-encoding to TS1/3 on input line 371.
Package textcomp Info: Setting dayroms sub-encoding to TS1/3 on input line 372.

Package textcomp Info: Setting pxr sub-encoding to TS1/0 on input line 373.
Package textcomp Info: Setting pxss sub-encoding to TS1/0 on input line 374.
Package textcomp Info: Setting pxtt sub-encoding to TS1/0 on input line 375.
Package textcomp Info: Setting txr sub-encoding to TS1/0 on input line 376.
Package textcomp Info: Setting txss sub-encoding to TS1/0 on input line 377.
Package textcomp Info: Setting txtt sub-encoding to TS1/0 on input line 378.
Package textcomp Info: Setting lmr sub-encoding to TS1/0 on input line 379.
Package textcomp Info: Setting lmdh sub-encoding to TS1/0 on input line 380.
Package textcomp Info: Setting lmss sub-encoding to TS1/0 on input line 381.
Package textcomp Info: Setting lmssq sub-encoding to TS1/0 on input line 382.
Package textcomp Info: Setting lmvtt sub-encoding to TS1/0 on input line 383.
Package textcomp Info: Setting lmtt sub-encoding to TS1/0 on input line 384.
Package textcomp Info: Setting qhv sub-encoding to TS1/0 on input line 385.
Package textcomp Info: Setting qag sub-encoding to TS1/0 on input line 386.
Package textcomp Info: Setting qbk sub-encoding to TS1/0 on input line 387.
Package textcomp Info: Setting qcr sub-encoding to TS1/0 on input line 388.
Package textcomp Info: Setting qcs sub-encoding to TS1/0 on input line 389.
Package textcomp Info: Setting qpl sub-encoding to TS1/0 on input line 390.
Package textcomp Info: Setting qtm sub-encoding to TS1/0 on input line 391.
Package textcomp Info: Setting qzc sub-encoding to TS1/0 on input line 392.
Package textcomp Info: Setting qhvc sub-encoding to TS1/0 on input line 393.
Package textcomp Info: Setting futs sub-encoding to TS1/4 on input line 394.
Package textcomp Info: Setting futx sub-encoding to TS1/4 on input line 395.
Package textcomp Info: Setting futj sub-encoding to TS1/4 on input line 396.
Package textcomp Info: Setting hlh sub-encoding to TS1/3 on input line 397.
Package textcomp Info: Setting hls sub-encoding to TS1/3 on input line 398.
Package textcomp Info: Setting hlst sub-encoding to TS1/3 on input line 399.
Package textcomp Info: Setting hlct sub-encoding to TS1/5 on input line 400.
Package textcomp Info: Setting hlx sub-encoding to TS1/5 on input line 401.
Package textcomp Info: Setting hlce sub-encoding to TS1/5 on input line 402.
Package textcomp Info: Setting hlcn sub-encoding to TS1/5 on input line 403.
Package textcomp Info: Setting hlcw sub-encoding to TS1/5 on input line 404.
Package textcomp Info: Setting hlcf sub-encoding to TS1/5 on input line 405.
Package textcomp Info: Setting pplx sub-encoding to TS1/3 on input line 406.
Package textcomp Info: Setting pplj sub-encoding to TS1/3 on input line 407.
Package textcomp Info: Setting ptmx sub-encoding to TS1/4 on input line 408.
Package textcomp Info: Setting ptmj sub-encoding to TS1/4 on input line 409.
)) (./R4RAF.aux)
\openout1 = `R4RAF.aux'.

LaTeX Font Info:    Checking defaults for OML/cmm/m/it on input line 86.
LaTeX Font Info:    ... okay on input line 86.
LaTeX Font Info:    Checking defaults for T1/cmr/m/n on input line 86.
LaTeX Font Info:    ... okay on input line 86.
LaTeX Font Info:    Checking defaults for OT1/cmr/m/n on input line 86.
LaTeX Font Info:    ... okay on input line 86.
LaTeX Font Info:    Checking defaults for OMS/cmsy/m/n on input line 86.
LaTeX Font Info:    ... okay on input line 86.
LaTeX Font Info:    Checking defaults for OMX/cmex/m/n on input line 86.
LaTeX Font Info:    ... okay on input line 86.
LaTeX Font Info:    Checking defaults for U/cmr/m/n on input line 86.
LaTeX Font Info:    ... okay on input line 86.
LaTeX Font Info:    Checking defaults for PD1/pdf/m/n on input line 86.
LaTeX Font Info:    ... okay on input line 86.
LaTeX Font Info:    Checking defaults for PU/pdf/m/n on input line 86.
LaTeX Font Info:    ... okay on input line 86.
LaTeX Font Info:    Checking defaults for TS1/cmr/m/n on input line 86.
LaTeX Font Info:    Try loading font information for TS1+cmr on input line 86.
(/usr/share/texlive/texmf-dist/tex/latex/base/ts1cmr.fd
File: ts1cmr.fd 2014/09/29 v2.5h Standard LaTeX font definitions
)
LaTeX Font Info:    ... okay on input line 86.
LaTeX Font Info:    Try loading font information for T1+ptm on input line 86.
(/usr/share/texlive/texmf-dist/tex/latex/psnfss/t1ptm.fd
File: t1ptm.fd 2001/06/04 font definitions for T1/ptm.
) (/usr/share/texlive/texmf-dist/tex/context/base/mkii/supp-pdf.mkii
[Loading MPS to PDF converter (version 2006.09.02).]
\scratchcounter=\count105
\scratchdimen=\dimen125
\scratchbox=\box29
\nofMPsegments=\count106
\nofMParguments=\count107
\everyMPshowfont=\toks17
\MPscratchCnt=\count108
\MPscratchDim=\dimen126
\MPnumerator=\count109
\makeMPintoPDFobject=\count110
\everyMPtoPDFconversion=\toks18
) (/usr/share/texlive/texmf-dist/tex/latex/oberdiek/epstopdf-base.sty
Package: epstopdf-base 2016/05/15 v2.6 Base part for package epstopdf
(/usr/share/texlive/texmf-dist/tex/latex/oberdiek/grfext.sty
Package: grfext 2016/05/16 v1.2 Manage graphics extensions (HO)
)
Package epstopdf-base Info: Redefining graphics rule for `.eps' on input line 4
38.
Package grfext Info: Graphics extension search list:
(grfext)             [.pdf,.png,.jpg,.mps,.jpeg,.jbig2,.jb2,.PDF,.PNG,.JPG,.JPE
G,.JBIG2,.JB2,.eps]
(grfext)             \AppendGraphicsExtensions on input line 456.
(/usr/share/texlive/texmf-dist/tex/latex/latexconfig/epstopdf-sys.cfg
File: epstopdf-sys.cfg 2010/07/13 v1.3 Configuration of (r)epstopdf for TeX Liv
e
))
\big@size=\dimen127
*geometry* driver: auto-detecting
*geometry* detected driver: pdftex
*geometry* verbose mode - [ preamble ] result:
* driver: pdftex
* paper: letterpaper
* layout: <same size as paper>
* layoutoffset:(h,v)=(0.0pt,0.0pt)
* modes: 
* h-part:(L,W,R)=(72.2698pt, 469.75539pt, 72.2698pt)
* v-part:(T,H,B)=(100.72256pt, 621.97762pt, 72.2698pt)
* \paperwidth=614.295pt
* \paperheight=794.96999pt
* \textwidth=469.75539pt
* \textheight=621.97762pt
* \oddsidemargin=-0.00018pt
* \evensidemargin=-0.00018pt
* \topmargin=-56.90567pt
* \headheight=28.45274pt
* \headsep=56.9055pt
* \topskip=12.0pt
* \footskip=14.22636pt
* \marginparwidth=44.0pt
* \marginparsep=10.0pt
* \columnsep=10.0pt
* \skip\footins=10.8pt plus 4.0pt minus 2.0pt
* \hoffset=0.0pt
* \voffset=0.0pt
* \mag=1000
* \@twocolumnfalse
* \@twosidefalse
* \@mparswitchfalse
* \@reversemarginfalse
* (1in=72.27pt=25.4mm, 1cm=28.453pt)

\AtBeginShipoutBox=\box30
Package hyperref Info: Link coloring OFF on input line 86.
(/usr/share/texlive/texmf-dist/tex/latex/hyperref/nameref.sty
Package: nameref 2016/05/21 v2.44 Cross-referencing by name of section
(/usr/share/texlive/texmf-dist/tex/generic/oberdiek/gettitlestring.sty
Package: gettitlestring 2016/05/16 v1.5 Cleanup title references (HO)
)
\c@section@level=\count111
)
LaTeX Info: Redefining \ref on input line 86.
LaTeX Info: Redefining \pageref on input line 86.
LaTeX Info: Redefining \nameref on input line 86.
(./R4RAF.out) (./R4RAF.out)
\@outlinefile=\write3
\openout3 = `R4RAF.out'.

[1

{/usr/share/texlive/texmf-dist/fonts/map/pdftex/updmap/pdftex.map}]
Chapter 1.
LaTeX Font Info:    Font shape `T1/ptm/bx/n' in size <24.88> not available
(Font)              Font shape `T1/ptm/b/n' tried instead on input line 96.
[2

]
Chapter 2.
LaTeX Font Info:    Font shape `T1/ptm/bx/n' in size <17.28> not available
(Font)              Font shape `T1/ptm/b/n' tried instead on input line 137.
Package color Info: Redefining color shadecolor on input line 148.
LaTeX Font Info:    Try loading font information for T1+cmtt on input line 149.

(/usr/share/texlive/texmf-dist/tex/latex/base/t1cmtt.fd
File: t1cmtt.fd 2014/09/29 v2.5h Standard LaTeX font definitions
)
LaTeX Font Info:    Try loading font information for TS1+cmtt on input line 150
.
(/usr/share/texlive/texmf-dist/tex/latex/base/ts1cmtt.fd
File: ts1cmtt.fd 2014/09/29 v2.5h Standard LaTeX font definitions
)
LaTeX Font Info:    Font shape `T1/cmtt/bx/n' in size <12> not available
(Font)              Font shape `T1/cmtt/m/n' tried instead on input line 152.
[3

]
Package color Info: Redefining color shadecolor on input line 202.
Package color Info: Redefining color shadecolor on input line 216.
[4]
Package color Info: Redefining color shadecolor on input line 230.
[5]
Package color Info: Redefining color shadecolor on input line 276.

Overfull \hbox (5.60353pt too wide) in paragraph at lines 309--309
[]\T1/cmtt/m/n/12 ## # ... with 23,181 more rows, and 9 more variables: PALT <d
bl>, PSXC <dbl>,[] 
 []


Overfull \hbox (10.73105pt too wide) in paragraph at lines 315--320
\T1/ptm/m/n/12 avoid the ne-ces-sity of chang-ing this when mov-ing among sys-t
ems. It may re-turn '/scr/raf_data/'
 []


Overfull \hbox (14.97939pt too wide) in paragraph at lines 315--320
\T1/ptm/m/n/12 or '/Data/' or '~/Data/' or the di-rec-tory cor-re-spond-ing to 
the en-vi-ron-ment vari-able ``DATA_DIR''
 []

LaTeX Font Info:    Try loading font information for OT1+ztmcm on input line 32
4.
(/usr/share/texlive/texmf-dist/tex/latex/psnfss/ot1ztmcm.fd
File: ot1ztmcm.fd 2000/01/03 Fontinst v1.801 font definitions for OT1/ztmcm.
)
LaTeX Font Info:    Try loading font information for OML+ztmcm on input line 32
4.
(/usr/share/texlive/texmf-dist/tex/latex/psnfss/omlztmcm.fd
File: omlztmcm.fd 2000/01/03 Fontinst v1.801 font definitions for OML/ztmcm.
)
LaTeX Font Info:    Try loading font information for OMS+ztmcm on input line 32
4.
(/usr/share/texlive/texmf-dist/tex/latex/psnfss/omsztmcm.fd
File: omsztmcm.fd 2000/01/03 Fontinst v1.801 font definitions for OMS/ztmcm.
)
LaTeX Font Info:    Try loading font information for OMX+ztmcm on input line 32
4.
(/usr/share/texlive/texmf-dist/tex/latex/psnfss/omxztmcm.fd
File: omxztmcm.fd 2000/01/03 Fontinst v1.801 font definitions for OMX/ztmcm.
)
LaTeX Font Info:    Try loading font information for OT1+ptm on input line 324.

(/usr/share/texlive/texmf-dist/tex/latex/psnfss/ot1ptm.fd
File: ot1ptm.fd 2001/06/04 font definitions for OT1/ptm.
)
LaTeX Font Info:    Font shape `OT1/ptm/bx/n' in size <12> not available
(Font)              Font shape `OT1/ptm/b/n' tried instead on input line 324.
LaTeX Font Info:    Font shape `OT1/ptm/bx/n' in size <9> not available
(Font)              Font shape `OT1/ptm/b/n' tried instead on input line 324.
LaTeX Font Info:    Font shape `OT1/ptm/bx/n' in size <7> not available
(Font)              Font shape `OT1/ptm/b/n' tried instead on input line 324.
LaTeX Font Info:    Font shape `OT1/ptm/bx/n' in size <10> not available
(Font)              Font shape `OT1/ptm/b/n' tried instead on input line 326.
LaTeX Font Info:    Font shape `OT1/ptm/bx/n' in size <7.4> not available
(Font)              Font shape `OT1/ptm/b/n' tried instead on input line 326.
LaTeX Font Info:    Font shape `OT1/ptm/bx/n' in size <6> not available
(Font)              Font shape `OT1/ptm/b/n' tried instead on input line 326.
[6]
LaTeX Font Info:    Font shape `T1/ptm/bx/n' in size <14.4> not available
(Font)              Font shape `T1/ptm/b/n' tried instead on input line 340.
Package color Info: Redefining color shadecolor on input line 347.
<figure/simple-plot1-1.pdf, id=177, 433.62pt x 361.35pt>
File: figure/simple-plot1-1.pdf Graphic file (type pdf)
<use figure/simple-plot1-1.pdf>
Package pdftex.def Info: figure/simple-plot1-1.pdf  used on input line 353.
(pdftex.def)             Requested size: 433.61894pt x 361.36566pt.
[7] [8 <./figure/simple-plot1-1.pdf>]
Package color Info: Redefining color shadecolor on input line 397.
<figure/plotwac-ex-1.pdf, id=198, 433.62pt x 361.35pt>
File: figure/plotwac-ex-1.pdf Graphic file (type pdf)
<use figure/plotwac-ex-1.pdf>
Package pdftex.def Info: figure/plotwac-ex-1.pdf  used on input line 403.
(pdftex.def)             Requested size: 433.61894pt x 361.36566pt.

Underfull \hbox (badness 4060) in paragraph at lines 407--407
[]\T1/ptm/m/n/12 Figure 2.2: []Example of the same plot as the pre-ced-ing fig-
ure but gen-er-ated with
 []

Package color Info: Redefining color shadecolor on input line 416.
<figure/ggplot-ex-1.pdf, id=200, 433.62pt x 361.35pt>
File: figure/ggplot-ex-1.pdf Graphic file (type pdf)
<use figure/ggplot-ex-1.pdf>
Package pdftex.def Info: figure/ggplot-ex-1.pdf  used on input line 422.
(pdftex.def)             Requested size: 433.61894pt x 361.36566pt.

Underfull \hbox (badness 4060) in paragraph at lines 426--426
[]\T1/ptm/m/n/12 Figure 2.3: []Example of the same plot as the pre-ced-ing fig-
ure but gen-er-ated with
 []

[9] [10 <./figure/plotwac-ex-1.pdf>] [11 <./figure/ggplot-ex-1.pdf>]
Chapter 3.
LaTeX Font Info:    Try loading font information for TS1+ptm on input line 450.

(/usr/share/texlive/texmf-dist/tex/latex/psnfss/ts1ptm.fd
File: ts1ptm.fd 2001/06/04 font definitions for TS1/ptm.
) [12

]
Overfull \hbox (11.91924pt too wide) in paragraph at lines 481--486
\T1/ptm/m/n/12 The re-lated func-tion Ranadu::selectTime( ) can be used to re-s
trict the times in-cluded in the data.frame,
 []

[13] [14] [15]
Overfull \hbox (10.60883pt too wide) in paragraph at lines 610--612
[]\T1/cmtt/m/n/12 MurphyKoop( ), MurphyKoopIce( ): \T1/ptm/m/n/12 Cal-cu-late t
he wa-ter va-por pres-sure from the Murphy-
 []

[16] [17] [18]
Chapter 4.
[19

]
Package color Info: Redefining color shadecolor on input line 725.

Overfull \hbox (20.03334pt too wide) in paragraph at lines 731--731
[]  []\T1/cmtt/m/n/12 Ranadu[][]::[][]Rmutate[][]([][]DPD[] []= ATX[] []-[] []D
PXC)[] []%>%[]      []\T1/cmtt/m/it/12 ## add the dewpoint-depression DPD[][] 
 []


Overfull \hbox (20.03334pt too wide) in paragraph at lines 733--733
[]  []\T1/cmtt/m/n/12 Ranadu[][]::[][]plotWAC[][]([][]col[][]=[][]c[][]([][]\TS
1/cmtt/m/n/12 '\T1/cmtt/m/n/12 blue\TS1/cmtt/m/n/12 '[][]\T1/cmtt/m/n/12 ,[] []
\TS1/cmtt/m/n/12 '\T1/cmtt/m/n/12 forestgreen\TS1/cmtt/m/n/12 '[][]\T1/cmtt/m/n
/12 ,[] []\TS1/cmtt/m/n/12 '\T1/cmtt/m/n/12 black\TS1/cmtt/m/n/12 '[][]\T1/cmtt
/m/n/12 ))[]  []\T1/cmtt/m/it/12 ## construct the plot[][] 
 []

<figure/pipe-example-1.pdf, id=323, 433.62pt x 361.35pt>
File: figure/pipe-example-1.pdf Graphic file (type pdf)
<use figure/pipe-example-1.pdf>
Package pdftex.def Info: figure/pipe-example-1.pdf  used on input line 737.
(pdftex.def)             Requested size: 433.61894pt x 361.36566pt.
[20 <./figure/pipe-example-1.pdf>] [21]
Package color Info: Redefining color shadecolor on input line 809.
<figure/scat-ex-1.pdf, id=345, 433.62pt x 361.35pt>
File: figure/scat-ex-1.pdf Graphic file (type pdf)
<use figure/scat-ex-1.pdf>
Package pdftex.def Info: figure/scat-ex-1.pdf  used on input line 817.
(pdftex.def)             Requested size: 433.61894pt x 361.36566pt.
Package color Info: Redefining color shadecolor on input line 838.
[22 <./figure/scat-ex-1.pdf>]
<figure/layout-example-1.pdf, id=359, 433.62pt x 361.35pt>
File: figure/layout-example-1.pdf Graphic file (type pdf)
<use figure/layout-example-1.pdf>
Package pdftex.def Info: figure/layout-example-1.pdf  used on input line 850.
(pdftex.def)             Requested size: 433.61894pt x 361.36566pt.
[23 <./figure/layout-example-1.pdf>]
Package color Info: Redefining color shadecolor on input line 893.
<figure/gg-facets-1.pdf, id=376, 433.62pt x 361.35pt>
File: figure/gg-facets-1.pdf Graphic file (type pdf)
<use figure/gg-facets-1.pdf>
Package pdftex.def Info: figure/gg-facets-1.pdf  used on input line 914.
(pdftex.def)             Requested size: 433.61894pt x 361.36566pt.
[24] [25 <./figure/gg-facets-1.pdf>]
Package color Info: Redefining color shadecolor on input line 927.
<figure/gg-viewports-1.pdf, id=395, 433.62pt x 361.35pt>
File: figure/gg-viewports-1.pdf Graphic file (type pdf)
<use figure/gg-viewports-1.pdf>
Package pdftex.def Info: figure/gg-viewports-1.pdf  used on input line 936.
(pdftex.def)             Requested size: 433.61894pt x 361.36566pt.
[26 <./figure/gg-viewports-1.pdf>]
Package color Info: Redefining color shadecolor on input line 964.
<figure/contourPlot-1.pdf, id=408, 433.62pt x 361.35pt>
File: figure/contourPlot-1.pdf Graphic file (type pdf)
<use figure/contourPlot-1.pdf>
Package pdftex.def Info: figure/contourPlot-1.pdf  used on input line 971.
(pdftex.def)             Requested size: 433.61894pt x 361.36566pt.
[27] [28 <./figure/contourPlot-1.pdf>]
Package color Info: Redefining color shadecolor on input line 999.
<figure/errorbar-plot-1.pdf, id=424, 433.62pt x 252.945pt>
File: figure/errorbar-plot-1.pdf Graphic file (type pdf)
<use figure/errorbar-plot-1.pdf>
Package pdftex.def Info: figure/errorbar-plot-1.pdf  used on input line 1013.
(pdftex.def)             Requested size: 433.61894pt x 252.95595pt.
[29 <./figure/errorbar-plot-1.pdf>]
Package color Info: Redefining color shadecolor on input line 1030.
<figure/bwplot-1.pdf, id=438, 433.62pt x 361.35pt>
File: figure/bwplot-1.pdf Graphic file (type pdf)
<use figure/bwplot-1.pdf>
Package pdftex.def Info: figure/bwplot-1.pdf  used on input line 1041.
(pdftex.def)             Requested size: 433.61894pt x 361.36566pt.
[30 <./figure/bwplot-1.pdf>]
Package color Info: Redefining color shadecolor on input line 1067.
<figure/skewT-1.pdf, id=451, 433.62pt x 361.35pt>
File: figure/skewT-1.pdf Graphic file (type pdf)
<use figure/skewT-1.pdf>
Package pdftex.def Info: figure/skewT-1.pdf  used on input line 1079.
(pdftex.def)             Requested size: 433.61894pt x 361.36566pt.
Package color Info: Redefining color shadecolor on input line 1122.
[31] [32 <./figure/skewT-1.pdf>]
<figure/SD1-1.pdf, id=475, 433.62pt x 361.35pt>
File: figure/SD1-1.pdf Graphic file (type pdf)
<use figure/SD1-1.pdf>
Package pdftex.def Info: figure/SD1-1.pdf  used on input line 1130.
(pdftex.def)             Requested size: 433.61894pt x 361.36566pt.
[33 <./figure/SD1-1.pdf>]
Package color Info: Redefining color shadecolor on input line 1146.
<figure/SD2-1.pdf, id=487, 433.62pt x 361.35pt>
File: figure/SD2-1.pdf Graphic file (type pdf)
<use figure/SD2-1.pdf>
Package pdftex.def Info: figure/SD2-1.pdf  used on input line 1154.
(pdftex.def)             Requested size: 433.61894pt x 361.36566pt.
[34 <./figure/SD2-1.pdf>]
Chapter 5.

Underfull \hbox (badness 10000) in paragraph at lines 1195--1200

 []


Overfull \hbox (2.85048pt too wide) in paragraph at lines 1202--1227
$\OML/ztmcm/m/it/12 ^^WP\OT1/ztmcm/m/n/12 (\OML/ztmcm/m/it/12 ^^W\OT1/ztmcm/m/n
/12 )$ \T1/ptm/m/n/12 thus gives the spec-tral den-sity in terms of $[] \OML/zt
mcm/m/it/12 ^^W$ \T1/ptm/m/n/12 and so in terms of $[]\OT1/ztmcm/m/n/12 (10) []
[] \OML/ztmcm/m/it/12 ^^W \OMS/ztmcm/m/n/12 ^^Y \OT1/ztmcm/m/n/12 2\OML/ztmcm/m
/it/12 :\OT1/ztmcm/m/n/12 30 [][] \OML/ztmcm/m/it/12 ^^W$\T1/ptm/m/n/12 .
 []

[35

] [36]
Overfull \hbox (7.40768pt too wide) in paragraph at lines 1258--1264
\T1/ptm/m/n/12 See ``?Ranadu::VSpec'' for de-tails re-gard-ing us-ing this func
-tion. The es-sen-tial in-puts are a data.frame
 []

Package color Info: Redefining color shadecolor on input line 1266.
<figure/VS1-1.pdf, id=516, 433.62pt x 361.35pt>
File: figure/VS1-1.pdf Graphic file (type pdf)
<use figure/VS1-1.pdf>
Package pdftex.def Info: figure/VS1-1.pdf  used on input line 1273.
(pdftex.def)             Requested size: 433.61894pt x 361.36566pt.
Package color Info: Redefining color shadecolor on input line 1288.

Overfull \hbox (5.60353pt too wide) in paragraph at lines 1290--1290
[][]\T1/cmtt/m/n/12 D[] []<-[] []getNetCDF[][]([][]\TS1/cmtt/m/n/12 '\T1/cmtt/m
/n/12 /Data/SOCRATES/SOCRATESrf08h.nc\TS1/cmtt/m/n/12 '[][]\T1/cmtt/m/n/12 ,[] 
[]Start[][]=[][]45600[][],[] []End[][]=[][]50100[][])[] []%>%[][] 
 []

[37 <./figure/VS1-1.pdf>]
<figure/VS2-1.pdf, id=530, 433.62pt x 361.35pt>
File: figure/VS2-1.pdf Graphic file (type pdf)
<use figure/VS2-1.pdf>
Package pdftex.def Info: figure/VS2-1.pdf  used on input line 1300.
(pdftex.def)             Requested size: 433.61894pt x 361.36566pt.
[38 <./figure/VS2-1.pdf>]
Package color Info: Redefining color shadecolor on input line 1322.
<figure/VS3-1.pdf, id=543, 433.62pt x 325.215pt>
File: figure/VS3-1.pdf Graphic file (type pdf)
<use figure/VS3-1.pdf>
Package pdftex.def Info: figure/VS3-1.pdf  used on input line 1328.
(pdftex.def)             Requested size: 433.61894pt x 325.22908pt.
[39 <./figure/VS3-1.pdf>]
Chapter 6.
Package color Info: Redefining color shadecolor on input line 1355.
[40

]
<figure/multiFlt-1.pdf, id=561, 433.62pt x 361.35pt>
File: figure/multiFlt-1.pdf Graphic file (type pdf)
<use figure/multiFlt-1.pdf>
Package pdftex.def Info: figure/multiFlt-1.pdf  used on input line 1384.
(pdftex.def)             Requested size: 433.61894pt x 361.36566pt.
[41 <./figure/multiFlt-1.pdf>]
Package color Info: Redefining color shadecolor on input line 1397.

Overfull \hbox (17.95052pt too wide) in paragraph at lines 1399--1399
[][]\T1/cmtt/m/n/12 Data[] []%>%[] []dplyr[][]::[][]select[][](ATX, GGALT, RF)[
] []%>%[] []dplyr[][]::[][]filter[][](RF[] []>=[] []3[] []&[] []RF[] []<=[] []6
[][])[] []%>%[][] 
 []

<figure/MF2-1.pdf, id=573, 433.62pt x 361.35pt>
File: figure/MF2-1.pdf Graphic file (type pdf)
<use figure/MF2-1.pdf>
Package pdftex.def Info: figure/MF2-1.pdf  used on input line 1406.
(pdftex.def)             Requested size: 433.61894pt x 361.36566pt.
[42 <./figure/MF2-1.pdf>]
Package color Info: Redefining color shadecolor on input line 1419.
<figure/MF3-1.pdf, id=585, 433.62pt x 361.35pt>
File: figure/MF3-1.pdf Graphic file (type pdf)
<use figure/MF3-1.pdf>
Package pdftex.def Info: figure/MF3-1.pdf  used on input line 1430.
(pdftex.def)             Requested size: 433.61894pt x 361.36566pt.
[43 <./figure/MF3-1.pdf>]
Package color Info: Redefining color shadecolor on input line 1443.
<figure/MF4-1.pdf, id=598, 433.62pt x 361.35pt>
File: figure/MF4-1.pdf Graphic file (type pdf)
<use figure/MF4-1.pdf>
Package pdftex.def Info: figure/MF4-1.pdf  used on input line 1457.
(pdftex.def)             Requested size: 433.61894pt x 361.36566pt.
[44 <./figure/MF4-1.pdf>]
Package color Info: Redefining color shadecolor on input line 1470.
[45]
Package atveryend Info: Empty hook `BeforeClearDocument' on input line 1582.
[46] [47]
Package atveryend Info: Empty hook `AfterLastShipout' on input line 1582.
(./R4RAF.aux)
Package atveryend Info: Executing hook `AtVeryEndDocument' on input line 1582.
Package atveryend Info: Executing hook `AtEndAfterFileList' on input line 1582.

Package rerunfilecheck Info: File `R4RAF.out' has not changed.
(rerunfilecheck)             Checksum: 502AA4D5AF6EC68E6DB582A2B2C4A8CF;6222.
Package atveryend Info: Empty hook `AtVeryVeryEnd' on input line 1582.
 ) 
Here is how much of TeX's memory you used:
 10668 strings out of 492678
 149696 string characters out of 6133534
 232535 words of memory out of 5000000
 14210 multiletter control sequences out of 15000+600000
 55453 words of font info for 91 fonts, out of 8000000 for 9000
 1137 hyphenation exceptions out of 8191
 28i,11n,43p,362b,497s stack positions out of 5000i,500n,10000p,200000b,80000s
{/usr/share/texlive/texmf-dist/fonts/enc/dvips/cm-super/cm-super-ts1.enc}{/us
r/share/texlive/texmf-dist/fonts/enc/dvips/base/8r.enc}{/usr/share/texlive/texm
f-dist/fonts/enc/dvips/cm-super/cm-super-t1.enc}</usr/share/texlive/texmf-dist/
fonts/type1/public/amsfonts/cm/cmmi10.pfb></usr/share/texlive/texmf-dist/fonts/
type1/public/amsfonts/cm/cmr10.pfb></usr/share/texlive/texmf-dist/fonts/type1/p
ublic/amsfonts/cm/cmsy10.pfb></usr/share/texlive/texmf-dist/fonts/type1/public/
cm-super/sfit1200.pfb></usr/share/texlive/texmf-dist/fonts/type1/public/cm-supe
r/sftt1200.pfb></usr/share/texlive/texmf-dist/fonts/type1/urw/symbol/usyr.pfb><
/usr/share/texlive/texmf-dist/fonts/type1/urw/times/utmb8a.pfb></usr/share/texl
ive/texmf-dist/fonts/type1/urw/times/utmr8a.pfb></usr/share/texlive/texmf-dist/
fonts/type1/urw/times/utmr8a.pfb></usr/share/texlive/texmf-dist/fonts/type1/urw
/times/utmri8a.pfb>
Output written on R4RAF.pdf (47 pages, 1891898 bytes).
PDF statistics:
 711 PDF objects out of 1000 (max. 8388607)
 603 compressed objects within 7 object streams
 186 named destinations out of 1000 (max. 500000)
 370 words of extra memory for PDF output out of 10000 (max. 10000000)

